../src/bufferutil.cc:36:34: error: ‘Arguments’ does not name a type
   static Handle<Value> New(const Arguments& args)
                                  ^
../src/bufferutil.cc:44:36: error: ‘Arguments’ does not name a type
   static Handle<Value> Merge(const Arguments& args)
                                    ^
../src/bufferutil.cc:62:37: error: ‘Arguments’ does not name a type
   static Handle<Value> Unmask(const Arguments& args)
                                     ^
../src/bufferutil.cc:83:35: error: ‘Arguments’ does not name a type
   static Handle<Value> Mask(const Arguments& args)
                                   ^
In file included from ../src/bufferutil.cc:7:0:
/usr/include/nodejs/deps/v8/include/v8.h: In static member function ‘static void BufferUtil::Initialize(v8::Handle<v8::Object>)’:
/usr/include/nodejs/deps/v8/include/v8.h:885:13: error: ‘v8::HandleScope::HandleScope()’ is protected
   V8_INLINE HandleScope() {}
             ^
../src/bufferutil.cc:25:17: error: within this context
     HandleScope scope;
                 ^
../src/bufferutil.cc:26:58: error: no matching function for call to ‘v8::FunctionTemplate::New(v8::Handle<v8::Value> (&)(const int&))’
     Local<FunctionTemplate> t = FunctionTemplate::New(New);
                                                          ^
In file included from ../src/bufferutil.cc:7:0:
/usr/include/nodejs/deps/v8/include/v8.h:4349:34: note: candidate: static v8::Local<v8::FunctionTemplate> v8::FunctionTemplate::New(v8::Isolate*, v8::FunctionCallback, v8::Local<v8::Value>, v8::Local<v8::Signature>, int)
   static Local<FunctionTemplate> New(
                                  ^
/usr/include/nodejs/deps/v8/include/v8.h:4349:34: note:   no known conversion for argument 1 from ‘v8::Handle<v8::Value>(const int&) {aka v8::Local<v8::Value>(const int&)}’ to ‘v8::Isolate*’
../src/bufferutil.cc:28:67: error: no matching function for call to ‘NODE_SET_METHOD(v8::Local<v8::Function>, const char [7], v8::Handle<v8::Value> (&)(const int&))’
     NODE_SET_METHOD(t->GetFunction(), "unmask", BufferUtil::Unmask);
                                                                   ^
In file included from ../src/bufferutil.cc:8:0:
/usr/include/nodejs/src/node.h:236:13: note: candidate: template<class TypeName> void node::NODE_SET_METHOD(const TypeName&, const char*, v8::FunctionCallback)
 inline void NODE_SET_METHOD(const TypeName& recv,
             ^
/usr/include/nodejs/src/node.h:236:13: note:   template argument deduction/substitution failed:
../src/bufferutil.cc:28:67: note:   cannot convert ‘BufferUtil::Unmask’ (type ‘v8::Handle<v8::Value>(const int&) {aka v8::Local<v8::Value>(const int&)}’) to type ‘v8::FunctionCallback {aka void (*)(const v8::FunctionCallbackInfo<v8::Value>&)}’
     NODE_SET_METHOD(t->GetFunction(), "unmask", BufferUtil::Unmask);
                                                                   ^
../src/bufferutil.cc:29:63: error: no matching function for call to ‘NODE_SET_METHOD(v8::Local<v8::Function>, const char [5], v8::Handle<v8::Value> (&)(const int&))’
     NODE_SET_METHOD(t->GetFunction(), "mask", BufferUtil::Mask);
                                                               ^
In file included from ../src/bufferutil.cc:8:0:
/usr/include/nodejs/src/node.h:236:13: note: candidate: template<class TypeName> void node::NODE_SET_METHOD(const TypeName&, const char*, v8::FunctionCallback)
 inline void NODE_SET_METHOD(const TypeName& recv,
             ^
/usr/include/nodejs/src/node.h:236:13: note:   template argument deduction/substitution failed:
../src/bufferutil.cc:29:63: note:   cannot convert ‘BufferUtil::Mask’ (type ‘v8::Handle<v8::Value>(const int&) {aka v8::Local<v8::Value>(const int&)}’) to type ‘v8::FunctionCallback {aka void (*)(const v8::FunctionCallbackInfo<v8::Value>&)}’
     NODE_SET_METHOD(t->GetFunction(), "mask", BufferUtil::Mask);
                                                               ^
../src/bufferutil.cc:30:65: error: no matching function for call to ‘NODE_SET_METHOD(v8::Local<v8::Function>, const char [6], v8::Handle<v8::Value> (&)(const int&))’
     NODE_SET_METHOD(t->GetFunction(), "merge", BufferUtil::Merge);
                                                                 ^
In file included from ../src/bufferutil.cc:8:0:
/usr/include/nodejs/src/node.h:236:13: note: candidate: template<class TypeName> void node::NODE_SET_METHOD(const TypeName&, const char*, v8::FunctionCallback)
 inline void NODE_SET_METHOD(const TypeName& recv,
             ^
/usr/include/nodejs/src/node.h:236:13: note:   template argument deduction/substitution failed:
../src/bufferutil.cc:30:65: note:   cannot convert ‘BufferUtil::Merge’ (type ‘v8::Handle<v8::Value>(const int&) {aka v8::Local<v8::Value>(const int&)}’) to type ‘v8::FunctionCallback {aka void (*)(const v8::FunctionCallbackInfo<v8::Value>&)}’
     NODE_SET_METHOD(t->GetFunction(), "merge", BufferUtil::Merge);
                                                                 ^
../src/bufferutil.cc:31:17: error: ‘NewSymbol’ is not a member of ‘v8::String’
     target->Set(String::NewSymbol("BufferUtil"), t->GetFunction());
                 ^
In file included from ../src/bufferutil.cc:7:0:
/usr/include/nodejs/deps/v8/include/v8.h: In static member function ‘static v8::Handle<v8::Value> BufferUtil::New(const int&)’:
/usr/include/nodejs/deps/v8/include/v8.h:885:13: error: ‘v8::HandleScope::HandleScope()’ is protected
   V8_INLINE HandleScope() {}
             ^
../src/bufferutil.cc:38:17: error: within this context
     HandleScope scope;
                 ^
../src/bufferutil.cc:40:27: error: request for member ‘This’ in ‘args’, which is of non-class type ‘const int’
     bufferUtil->Wrap(args.This());
                           ^
../src/bufferutil.cc:41:17: error: request for member ‘This’ in ‘args’, which is of non-class type ‘const int’
     return args.This();
                 ^
In file included from ../src/bufferutil.cc:7:0:
/usr/include/nodejs/deps/v8/include/v8.h: In static member function ‘static v8::Handle<v8::Value> BufferUtil::Merge(const int&)’:
/usr/include/nodejs/deps/v8/include/v8.h:885:13: error: ‘v8::HandleScope::HandleScope()’ is protected
   V8_INLINE HandleScope() {}
             ^
../src/bufferutil.cc:46:17: error: within this context
     HandleScope scope;
                 ^
../src/bufferutil.cc:47:37: error: invalid types ‘const int[int]’ for array subscript
     Local<Object> bufferObj = args[0]->ToObject();
                                     ^
../src/bufferutil.cc:49:51: error: invalid types ‘const int[int]’ for array subscript
     Local<Array> array = Local<Array>::Cast(args[1]);
                                                   ^
../src/bufferutil.cc:59:18: error: ‘class v8::HandleScope’ has no member named ‘Close’
     return scope.Close(True());
                  ^
../src/bufferutil.cc:59:29: error: too few arguments to function ‘v8::Local<v8::Boolean> v8::True(v8::Isolate*)’
     return scope.Close(True());
                             ^
In file included from ../src/bufferutil.cc:7:0:
/usr/include/nodejs/deps/v8/include/v8.h:8139:16: note: declared here
 Local<Boolean> True(Isolate* isolate) {
                ^
/usr/include/nodejs/deps/v8/include/v8.h: In static member function ‘static v8::Handle<v8::Value> BufferUtil::Unmask(const int&)’:
/usr/include/nodejs/deps/v8/include/v8.h:885:13: error: ‘v8::HandleScope::HandleScope()’ is protected
   V8_INLINE HandleScope() {}
             ^
../src/bufferutil.cc:64:17: error: within this context
     HandleScope scope;
                 ^
../src/bufferutil.cc:65:38: error: invalid types ‘const int[int]’ for array subscript
     Local<Object> buffer_obj = args[0]->ToObject();
                                      ^
../src/bufferutil.cc:67:36: error: invalid types ‘const int[int]’ for array subscript
     Local<Object> mask_obj = args[1]->ToObject();
                                    ^
../src/bufferutil.cc:80:17: error: too few arguments to function ‘v8::Local<v8::Boolean> v8::True(v8::Isolate*)’
     return True();
                 ^
In file included from ../src/bufferutil.cc:7:0:
/usr/include/nodejs/deps/v8/include/v8.h:8139:16: note: declared here
 Local<Boolean> True(Isolate* isolate) {
                ^
/usr/include/nodejs/deps/v8/include/v8.h: In static member function ‘static v8::Handle<v8::Value> BufferUtil::Mask(const int&)’:
/usr/include/nodejs/deps/v8/include/v8.h:885:13: error: ‘v8::HandleScope::HandleScope()’ is protected
   V8_INLINE HandleScope() {}
             ^
../src/bufferutil.cc:85:17: error: within this context
     HandleScope scope;
                 ^
../src/bufferutil.cc:86:38: error: invalid types ‘const int[int]’ for array subscript
     Local<Object> buffer_obj = args[0]->ToObject();
                                      ^
../src/bufferutil.cc:87:36: error: invalid types ‘const int[int]’ for array subscript
     Local<Object> mask_obj = args[1]->ToObject();
                                    ^
../src/bufferutil.cc:89:38: error: invalid types ‘const int[int]’ for array subscript
     Local<Object> output_obj = args[2]->ToObject();
                                      ^
../src/bufferutil.cc:90:37: error: invalid types ‘const int[int]’ for array subscript
     unsigned int dataOffset = args[3]->Int32Value();
                                     ^
../src/bufferutil.cc:91:33: error: invalid types ‘const int[int]’ for array subscript
     unsigned int length = args[4]->Int32Value();
                                 ^
../src/bufferutil.cc:105:17: error: too few arguments to function ‘v8::Local<v8::Boolean> v8::True(v8::Isolate*)’
     return True();
                 ^
In file included from ../src/bufferutil.cc:7:0:
/usr/include/nodejs/deps/v8/include/v8.h:8139:16: note: declared here
 Local<Boolean> True(Isolate* isolate) {
                ^
/usr/include/nodejs/deps/v8/include/v8.h: In function ‘void init(v8::Handle<v8::Object>)’:
/usr/include/nodejs/deps/v8/include/v8.h:885:13: error: ‘v8::HandleScope::HandleScope()’ is protected
   V8_INLINE HandleScope() {}
             ^
../src/bufferutil.cc:111:15: error: within this context
   HandleScope scope;
               ^
make: *** [Release/obj.target/bufferutil/src/bufferutil.o] Error 1
gyp ERR! build error 
gyp ERR! stack Error: `make` failed with exit code: 2
gyp ERR! stack     at ChildProcess.onExit (/usr/share/node-gyp/lib/build.js:269:23)
gyp ERR! stack     at emitTwo (events.js:87:13)
gyp ERR! stack     at ChildProcess.emit (events.js:172:7)
gyp ERR! stack     at Process.ChildProcess._handle.onexit (internal/child_process.js:200:12)
gyp ERR! System Linux 4.4.0-42-generic
gyp ERR! command "/usr/bin/nodejs" "/usr/bin/node-gyp" "rebuild"
gyp ERR! cwd /home/alexander/projects/gcpc/node_modules/ws
gyp ERR! node -v v4.2.6
gyp ERR! node-gyp -v v3.0.3
gyp ERR! not ok 
